app/build/intermediates/manifest_merge_blame_file/debug/manifest-merger-blame-debug-report.txt
1<?xml version="1.0" encoding="utf-8"?>
2<manifest xmlns:android="http://schemas.android.com/apk/res/android"
3    package="com.example.recyclerview"
4    android:versionCode="1"
5    android:versionName="1.0" >
6
7    <uses-sdk
8        android:minSdkVersion="21"
8-->src/main/AndroidManifest.xml
9        android:targetSdkVersion="31" />
9-->src/main/AndroidManifest.xml
10
11    <uses-permission android:name="android.permission.INTERNET" />
11-->src/main/AndroidManifest.xml:5:5-66
11-->src/main/AndroidManifest.xml:5:22-64
12
13    <application
13-->src/main/AndroidManifest.xml:7:5-42:19
14        android:allowBackup="true"
14-->src/main/AndroidManifest.xml:8:9-35
15        android:appComponentFactory="androidx.core.app.CoreComponentFactory"
15-->[androidx.core:core:1.7.0] AndroidManifest.xml:24:18-86
16        android:debuggable="true"
17        android:icon="@mipmap/ic_launcher"
17-->src/main/AndroidManifest.xml:9:9-43
18        android:label="@string/app_name"
18-->src/main/AndroidManifest.xml:10:9-41
19        android:roundIcon="@mipmap/ic_launcher_round"
19-->src/main/AndroidManifest.xml:11:9-54
20        android:supportsRtl="true"
20-->src/main/AndroidManifest.xml:12:9-35
21        android:testOnly="true"
22        android:theme="@style/Theme.RecyclerView" >
22-->src/main/AndroidManifest.xml:13:9-50
23        <activity
23-->src/main/AndroidManifest.xml:14:9-22:20
24            android:name="com.interfaz.MainActivity"
24-->src/main/AndroidManifest.xml:15:13-53
25            android:exported="true" >
25-->src/main/AndroidManifest.xml:16:13-36
26            <intent-filter>
26-->src/main/AndroidManifest.xml:17:13-21:29
27                <action android:name="android.intent.action.MAIN" />
27-->src/main/AndroidManifest.xml:18:17-69
27-->src/main/AndroidManifest.xml:18:25-66
28
29                <category android:name="android.intent.category.LAUNCHER" />
29-->src/main/AndroidManifest.xml:20:17-77
29-->src/main/AndroidManifest.xml:20:27-74
30            </intent-filter>
31        </activity>
32        <activity
32-->src/main/AndroidManifest.xml:23:9-29:20
33            android:name="com.interfaz.GalleryActivity"
33-->src/main/AndroidManifest.xml:23:19-62
34            android:parentActivityName="com.interfaz.MainActivity" >
34-->src/main/AndroidManifest.xml:24:13-67
35
36            <!-- The meta-data tag is required if you support API level 15 and lower -->
37            <meta-data
37-->src/main/AndroidManifest.xml:26:9-28:56
38                android:name="android.support.PARENT_ACTIVITY"
38-->src/main/AndroidManifest.xml:27:13-59
39                android:value="com.interfaz.MainActivity" />
39-->src/main/AndroidManifest.xml:28:13-54
40        </activity>
41        <activity
41-->src/main/AndroidManifest.xml:31:9-33:20
42            android:name="com.interfaz.MenuPublicacion"
42-->src/main/AndroidManifest.xml:31:19-62
43            android:exported="false"
43-->src/main/AndroidManifest.xml:31:63-87
44            android:parentActivityName="com.interfaz.CreationActivity" >
44-->src/main/AndroidManifest.xml:32:13-71
45        </activity>
46        <activity
46-->src/main/AndroidManifest.xml:34:9-41:20
47            android:name="com.interfaz.CreationActivity"
47-->src/main/AndroidManifest.xml:34:19-63
48            android:exported="true"
48-->src/main/AndroidManifest.xml:34:64-87
49            android:parentActivityName="com.interfaz.MainActivity" >
49-->src/main/AndroidManifest.xml:35:13-67
50
51            <!--
52            <intent-filter>
53                <action android:name="android.intent.action.MAIN"/>
54
55                <category android:name="android.intent.category.LAUNCHER"/>
56            </intent-filter>
57            -->
58        </activity>
59
60        <provider
60-->[androidx.emoji2:emoji2:1.0.0] AndroidManifest.xml:26:9-34:20
61            android:name="androidx.startup.InitializationProvider"
61-->[androidx.emoji2:emoji2:1.0.0] AndroidManifest.xml:27:13-67
62            android:authorities="com.example.recyclerview.androidx-startup"
62-->[androidx.emoji2:emoji2:1.0.0] AndroidManifest.xml:28:13-68
63            android:exported="false" >
63-->[androidx.emoji2:emoji2:1.0.0] AndroidManifest.xml:29:13-37
64            <meta-data
64-->[androidx.emoji2:emoji2:1.0.0] AndroidManifest.xml:31:13-33:52
65                android:name="androidx.emoji2.text.EmojiCompatInitializer"
65-->[androidx.emoji2:emoji2:1.0.0] AndroidManifest.xml:32:17-75
66                android:value="androidx.startup" />
66-->[androidx.emoji2:emoji2:1.0.0] AndroidManifest.xml:33:17-49
67            <meta-data
67-->[androidx.lifecycle:lifecycle-process:2.4.0] AndroidManifest.xml:31:13-33:52
68                android:name="androidx.lifecycle.ProcessLifecycleInitializer"
68-->[androidx.lifecycle:lifecycle-process:2.4.0] AndroidManifest.xml:32:17-78
69                android:value="androidx.startup" />
69-->[androidx.lifecycle:lifecycle-process:2.4.0] AndroidManifest.xml:33:17-49
70        </provider>
71    </application>
72
73</manifest>